2025-09-02 05:35:43,516 - SICOE_Automation - INFO - === Iniciando proceso de automatización SICOE ===
2025-09-02 05:35:43,518 - SICOE_Automation - ERROR - Error al obtener las credenciales de GCS: [Errno 2] No such file or directory: 'credentials/croc-454221-e1a3c2e02181.json'
2025-09-02 05:35:43,522 - SICOE_Automation - ERROR - Error crítico en el proceso principal: [Errno 2] No such file or directory: 'credentials/croc-454221-e1a3c2e02181.json'
Traceback (most recent call last):
  File "C:\Users\Lenovo\AppData\Local\Temp\ipykernel_24548\4046132984.py", line 753, in main
    gcs_manager = GCSManager(config)
  File "C:\Users\Lenovo\AppData\Local\Temp\ipykernel_24548\4046132984.py", line 255, in __init__
    self.credentials = self._get_credentials()
                       ~~~~~~~~~~~~~~~~~~~~~^^
  File "C:\Users\Lenovo\AppData\Local\Temp\ipykernel_24548\4046132984.py", line 270, in _get_credentials
    credentials = service_account.Credentials.from_service_account_file(
        self.config.credentials_path,
        scopes=["https://www.googleapis.com/auth/cloud-platform"],
    )
  File "c:\Users\Lenovo\AppData\Local\Programs\Python\Python313\Lib\site-packages\google\oauth2\service_account.py", line 260, in from_service_account_file
    info, signer = _service_account_info.from_filename(
                   ~~~~~~~~~~~~~~~~~~~~~~~~~~~~~~~~~~~^
        filename, require=["client_email", "token_uri"]
        ^^^^^^^^^^^^^^^^^^^^^^^^^^^^^^^^^^^^^^^^^^^^^^^
    )
    ^
  File "c:\Users\Lenovo\AppData\Local\Programs\Python\Python313\Lib\site-packages\google\auth\_service_account_info.py", line 78, in from_filename
    with io.open(filename, "r", encoding="utf-8") as json_file:
         ~~~~~~~^^^^^^^^^^^^^^^^^^^^^^^^^^^^^^^^^
FileNotFoundError: [Errno 2] No such file or directory: 'credentials/croc-454221-e1a3c2e02181.json'
2025-09-02 05:35:43,526 - SICOE_Automation - INFO - === Finalizando proceso de automatización SICOE ===
2025-09-02 05:35:47,323 - WDM - INFO - ====== WebDriver manager ======
2025-09-02 05:35:49,050 - WDM - INFO - Get LATEST chromedriver version for google-chrome
2025-09-02 05:35:49,311 - WDM - INFO - Get LATEST chromedriver version for google-chrome
2025-09-02 05:35:49,563 - WDM - INFO - Driver [C:\Users\Lenovo\.wdm\drivers\chromedriver\win64\139.0.7258.154\chromedriver-win32/chromedriver.exe] found in cache
2025-09-02 05:36:49,144 - SICOE_Automation - INFO - === Iniciando proceso de automatización SICOE ===
2025-09-02 05:36:49,145 - SICOE_Automation - ERROR - Error al obtener las credenciales de GCS: [Errno 2] No such file or directory: 'credentials/croc-454221-e1a3c2e02181.json'
2025-09-02 05:36:49,146 - SICOE_Automation - ERROR - Error crítico en el proceso principal: [Errno 2] No such file or directory: 'credentials/croc-454221-e1a3c2e02181.json'
Traceback (most recent call last):
  File "C:\Users\Lenovo\AppData\Local\Temp\ipykernel_24548\4046132984.py", line 753, in main
    gcs_manager = GCSManager(config)
  File "C:\Users\Lenovo\AppData\Local\Temp\ipykernel_24548\4046132984.py", line 255, in __init__
    self.credentials = self._get_credentials()
                       ~~~~~~~~~~~~~~~~~~~~~^^
  File "C:\Users\Lenovo\AppData\Local\Temp\ipykernel_24548\4046132984.py", line 270, in _get_credentials
    credentials = service_account.Credentials.from_service_account_file(
        self.config.credentials_path,
        scopes=["https://www.googleapis.com/auth/cloud-platform"],
    )
  File "c:\Users\Lenovo\AppData\Local\Programs\Python\Python313\Lib\site-packages\google\oauth2\service_account.py", line 260, in from_service_account_file
    info, signer = _service_account_info.from_filename(
                   ~~~~~~~~~~~~~~~~~~~~~~~~~~~~~~~~~~~^
        filename, require=["client_email", "token_uri"]
        ^^^^^^^^^^^^^^^^^^^^^^^^^^^^^^^^^^^^^^^^^^^^^^^
    )
    ^
  File "c:\Users\Lenovo\AppData\Local\Programs\Python\Python313\Lib\site-packages\google\auth\_service_account_info.py", line 78, in from_filename
    with io.open(filename, "r", encoding="utf-8") as json_file:
         ~~~~~~~^^^^^^^^^^^^^^^^^^^^^^^^^^^^^^^^^
FileNotFoundError: [Errno 2] No such file or directory: 'credentials/croc-454221-e1a3c2e02181.json'
2025-09-02 05:36:49,148 - SICOE_Automation - INFO - === Finalizando proceso de automatización SICOE ===
2025-09-02 05:36:52,307 - WDM - INFO - ====== WebDriver manager ======
2025-09-02 05:36:53,593 - WDM - INFO - Get LATEST chromedriver version for google-chrome
2025-09-02 05:36:53,851 - WDM - INFO - Get LATEST chromedriver version for google-chrome
2025-09-02 05:36:54,119 - WDM - INFO - Driver [C:\Users\Lenovo\.wdm\drivers\chromedriver\win64\139.0.7258.154\chromedriver-win32/chromedriver.exe] found in cache
